INFO  f.m.r.ResaSpectacleApplicationTests - Starting ResaSpectacleApplicationTests on FORMATI-959B9C8 with PID 9800 (started by Formation in C:\Users\Formation\Desktop\Cours - Cursus Java JEE - M2i\eclipse-workspace\resa-spectacle)
DEBUG f.m.r.ResaSpectacleApplicationTests - Running with Spring Boot v2.0.5.RELEASE, Spring v5.0.9.RELEASE
INFO  f.m.r.ResaSpectacleApplicationTests - No active profile set, falling back to default profiles: default
INFO  f.m.r.ResaSpectacleApplicationTests - Started ResaSpectacleApplicationTests in 4.964 seconds (JVM running for 5.69)
INFO  f.m.r.ResaSpectacleApplicationTests - id=47
INFO  f.m.r.ResaSpectacleApplicationTests - Starting ResaSpectacleApplicationTests on FORMATI-959B9C8 with PID 5456 (started by Formation in C:\Users\Formation\Desktop\Cours - Cursus Java JEE - M2i\eclipse-workspace\resa-spectacle)
INFO  f.m.r.ResaSpectacleApplicationTests - No active profile set, falling back to default profiles: default
INFO  f.m.r.ResaSpectacleApplicationTests - Started ResaSpectacleApplicationTests in 4.942 seconds (JVM running for 5.662)
INFO  f.m.r.ResaSpectacleApplicationTests - id=51
INFO  f.m.r.ResaSpectacleApplicationTests - Starting ResaSpectacleApplicationTests on FORMATI-959B9C8 with PID 2684 (started by Formation in C:\Users\Formation\Desktop\Cours - Cursus Java JEE - M2i\eclipse-workspace\resa-spectacle)
DEBUG f.m.r.ResaSpectacleApplicationTests - Running with Spring Boot v2.0.5.RELEASE, Spring v5.0.9.RELEASE
INFO  f.m.r.ResaSpectacleApplicationTests - No active profile set, falling back to default profiles: default
INFO  f.m.r.ResaSpectacleApplicationTests - Started ResaSpectacleApplicationTests in 4.754 seconds (JVM running for 5.447)
INFO  f.m.r.ResaSpectacleApplicationTests - id=59
INFO  f.m.r.ResaSpectacleApplicationTests - Starting ResaSpectacleApplicationTests on FORMATI-959B9C8 with PID 5932 (started by Formation in C:\Users\Formation\Desktop\Cours - Cursus Java JEE - M2i\eclipse-workspace\resa-spectacle)
DEBUG f.m.r.ResaSpectacleApplicationTests - Running with Spring Boot v2.0.5.RELEASE, Spring v5.0.9.RELEASE
INFO  f.m.r.ResaSpectacleApplicationTests - No active profile set, falling back to default profiles: default
INFO  f.m.r.ResaSpectacleApplicationTests - Started ResaSpectacleApplicationTests in 5.022 seconds (JVM running for 5.719)
INFO  f.m.r.ResaSpectacleApplicationTests - TestAddCategory : id=63
INFO  f.m.r.ResaSpectacleApplicationTests - TestAllCategory : listes de catégories =[Category [title=Concert], Category [title=Theatre], Category [title=Concert], Category [title=Concert], Category [title=Theatre], Category [title=Concert], Category [title=Concert], Category [title=Theatre], Category [title=Concert], Category [title=Concert], Category [title=Theatre], Category [title=Concert], Category [title=Concert], Category [title=Theatre], Category [title=Concert], Category [title=Concert], Category [title=Concert], Category [title=Theatre], Category [title=Concert], Category [title=Concert], Category [title=Concert], Category [title=Theatre], Category [title=Concert], Category [title=Concert], Category [title=Concert], Category [title=Theatre], Category [title=Concert], Category [title=Concert], Category [title=Concert], Category [title=Theatre], Category [title=Concert], Category [title=Concert], Category [title=Concert], Category [title=Theatre], Category [title=Concert], Category [title=Concert], Category [title=Concert], Category [title=Theatre], Category [title=Concert], Category [title=Concert], Category [title=Concert], Category [title=Theatre]]
INFO  f.m.r.ResaSpectacleApplicationTests - Starting ResaSpectacleApplicationTests on FORMATI-959B9C8 with PID 3224 (started by Formation in C:\Users\Formation\Desktop\Cours - Cursus Java JEE - M2i\eclipse-workspace\resa-spectacle)
DEBUG f.m.r.ResaSpectacleApplicationTests - Running with Spring Boot v2.0.5.RELEASE, Spring v5.0.9.RELEASE
INFO  f.m.r.ResaSpectacleApplicationTests - No active profile set, falling back to default profiles: default
INFO  f.m.r.ResaSpectacleApplicationTests - Started ResaSpectacleApplicationTests in 4.996 seconds (JVM running for 5.719)
INFO  f.m.r.ResaSpectacleApplicationTests - TestAddCategory : id=67
INFO  f.m.r.ResaSpectacleApplicationTests - TestAllCategory : listes des catégories =[Category [title=Concert], Category [title=Theatre], Category [title=Concert], Category [title=Concert], Category [title=Theatre], Category [title=Concert], Category [title=Concert], Category [title=Theatre], Category [title=Concert], Category [title=Concert], Category [title=Theatre], Category [title=Concert], Category [title=Concert], Category [title=Theatre], Category [title=Concert], Category [title=Concert], Category [title=Concert], Category [title=Theatre], Category [title=Concert], Category [title=Concert], Category [title=Concert], Category [title=Theatre], Category [title=Concert], Category [title=Concert], Category [title=Concert], Category [title=Theatre], Category [title=Concert], Category [title=Concert], Category [title=Concert], Category [title=Theatre], Category [title=Concert], Category [title=Concert], Category [title=Concert], Category [title=Theatre], Category [title=Concert], Category [title=Concert], Category [title=Concert], Category [title=Theatre], Category [title=Concert], Category [title=Concert], Category [title=Concert], Category [title=Theatre], Category [title=Concert], Category [title=Concert], Category [title=Concert], Category [title=Theatre]]
INFO  f.m.r.ResaSpectacleApplicationTests - testAddSpectacle : Spec ajouter =Spectacle [title=titre 1, description=description 1, duration=120, price=20.0, nbPlaces=150]
